Enter value for logger_password: logger
Connected.

CONNECTION
--------------------------------------------------------------------------------
LOGGER@ORCL

1 row selected.

PROCEDURES
ins_upd_aop_source.prc

Procedure created.

No errors.
PACKAGE SPECS
ms_logger.pks

Package created.

No errors.
ms_test.pks

Package created.

No errors.
No errors.
aop_processor.pks

Trigger altered.


Package created.

No errors.

Trigger altered.

No errors.
VIEWS
aop_source_v.vw

View created.

No errors.
PACKAGE BODIES
ms_logger.pkb

Session altered.


Package body created.

No errors.
aop_processor.pkb

Trigger altered.


Session altered.


Package body created.

No errors.

Trigger altered.

No errors.
ms_test.pkb

Session altered.


Package body created.

No errors.
No errors.
MISCELLANEOUS
ms_test.sql
ms_test
