Enter value for logger_password: logger
Connected.

CONNECTION
--------------------------------------------------------------------------------
LOGGER@ORCL

1 row selected.

TABLES

Trigger altered.

aop_source.tab
create table aop_source (
             *
ERROR at line 1:
ORA-00955: name is already used by an existing object


ms_tables.tab
$Id: ms_tables.sql 810 2008-05-29 00:07:59Z Demo $
CREATE TABLE MS_PROCESS
             *
ERROR at line 1:
ORA-00955: name is already used by an existing object


CREATE TABLE MS_UNIT
             *
ERROR at line 1:
ORA-00955: name is already used by an existing object


CREATE TABLE MS_MODULE
             *
ERROR at line 1:
ORA-00955: name is already used by an existing object


CREATE TABLE MS_TRAVERSAL
             *
ERROR at line 1:
ORA-00955: name is already used by an existing object


CREATE TABLE MS_REFERENCE
             *
ERROR at line 1:
ORA-00955: name is already used by an existing object


CREATE TABLE MS_MESSAGE
             *
ERROR at line 1:
ORA-00955: name is already used by an existing object


CREATE TABLE MS_LARGE_MESSAGE
             *
ERROR at line 1:
ORA-00955: name is already used by an existing object


CREATE TABLE MS_INTERNAL_ERROR
             *
ERROR at line 1:
ORA-00955: name is already used by an existing object


CREATE INDEX MESSAGE_NK1 ON MS_MESSAGE
             *
ERROR at line 1:
ORA-00955: name is already used by an existing object


CREATE UNIQUE INDEX MESSAGE_PK ON MS_MESSAGE
                    *
ERROR at line 1:
ORA-00955: name is already used by an existing object


CREATE UNIQUE INDEX MODULE_PK ON MS_MODULE
                    *
ERROR at line 1:
ORA-00955: name is already used by an existing object


CREATE UNIQUE INDEX UNIT_PK ON MS_UNIT
                    *
ERROR at line 1:
ORA-00955: name is already used by an existing object


CREATE UNIQUE INDEX UNIT_UK ON MS_UNIT
                    *
ERROR at line 1:
ORA-00955: name is already used by an existing object


CREATE INDEX REFERENCE_NK1 ON MS_REFERENCE
             *
ERROR at line 1:
ORA-00955: name is already used by an existing object


CREATE UNIQUE INDEX REFERENCE_PK ON MS_REFERENCE
                    *
ERROR at line 1:
ORA-00955: name is already used by an existing object


CREATE UNIQUE INDEX PROCESS_PK ON MS_PROCESS
                    *
ERROR at line 1:
ORA-00955: name is already used by an existing object


CREATE INDEX TRAVERSAL_NK1 ON MS_TRAVERSAL
             *
ERROR at line 1:
ORA-00955: name is already used by an existing object


CREATE INDEX TRAVERSAL_NK2 ON MS_TRAVERSAL
             *
ERROR at line 1:
ORA-00955: name is already used by an existing object


CREATE INDEX TRAVERSAL_NK3 ON MS_TRAVERSAL
             *
ERROR at line 1:
ORA-00955: name is already used by an existing object


CREATE UNIQUE INDEX TRAVERSAL_PK ON MS_TRAVERSAL
                    *
ERROR at line 1:
ORA-00955: name is already used by an existing object


  CONSTRAINT MESSAGE_PK PRIMARY KEY (MESSAGE_ID)
                        *
ERROR at line 2:
ORA-02260: table can have only one primary key


  CONSTRAINT UNIT_PK PRIMARY KEY (UNIT_ID)
                     *
ERROR at line 2:
ORA-02260: table can have only one primary key


  CONSTRAINT MODULE_PK PRIMARY KEY (MODULE_ID)
                       *
ERROR at line 2:
ORA-02260: table can have only one primary key


  CONSTRAINT PROCESS_PK PRIMARY KEY (PROCESS_ID)
                        *
ERROR at line 2:
ORA-02260: table can have only one primary key


  CONSTRAINT TRAVERSAL_PK PRIMARY KEY (TRAVERSAL_ID))
                          *
ERROR at line 2:
ORA-02260: table can have only one primary key


  CONSTRAINT UNIT_MOD_FK FOREIGN KEY (MODULE_ID)
                         *
ERROR at line 2:
ORA-02275: such a referential constraint already exists in the table


  CONSTRAINT MESS_TRAV_FK FOREIGN KEY (TRAVERSAL_ID)
                          *
ERROR at line 2:
ORA-02275: such a referential constraint already exists in the table


  CONSTRAINT LRG_MESS_TRAV_FK FOREIGN KEY (TRAVERSAL_ID)
                              *
ERROR at line 2:
ORA-02275: such a referential constraint already exists in the table


CREATE UNIQUE INDEX LARGE_MESSAGE_PK ON MS_LARGE_MESSAGE
                    *
ERROR at line 1:
ORA-00955: name is already used by an existing object


  CONSTRAINT REF_TRAV_FK FOREIGN KEY (TRAVERSAL_ID)
                         *
ERROR at line 2:
ORA-02275: such a referential constraint already exists in the table


  CONSTRAINT TRAV_UNIT_FK FOREIGN KEY (UNIT_ID)
                          *
ERROR at line 2:
ORA-02275: such a referential constraint already exists in the table


  CONSTRAINT TRAV_TRAV_FK FOREIGN KEY (PARENT_TRAVERSAL_ID)
                          *
ERROR at line 2:
ORA-02275: such a referential constraint already exists in the table


  CONSTRAINT TRAV_PROCESS_FK FOREIGN KEY (PROCESS_ID)
                             *
ERROR at line 2:
ORA-02275: such a referential constraint already exists in the table



Table altered.


Table altered.


Table altered.


Table altered.

SEQUENCES
ms_seqs.seq
$Id: ms_seqs.sql 422 2007-11-17 02:47:50Z Peter $
Creating Sequence 'MS_PROCESS_SEQ'
DROP SEQUENCE MS_PROCESS_SEQ
              *
ERROR at line 1:
ORA-02289: sequence does not exist



Sequence created.

Creating Sequence 'MS_MESSAGE_SEQ'

Sequence dropped.


Sequence created.

Creating Sequence 'MS_TRAVERSAL_SEQ'

Sequence dropped.


Sequence created.

Creating Sequence 'MS_MODULE_SEQ'

Sequence dropped.


Sequence created.

Creating Sequence 'MS_UNIT_SEQ'

Sequence dropped.


Sequence created.

PACKAGE SPECS
aop_processor.pks

Package created.

No errors.
ms_logger.pks

Package created.

No errors.
ms_metacode.pks

Package created.

No errors.
aop_test.pks

Package created.

No errors.
ms_test.pks

Package created.

No errors.
No errors.
VIEWS
ms_views.vw
$Id: ms_views.sql 811 2008-05-29 00:40:32Z Demo $

View created.


View created.


View created.


View created.


View created.


View created.


View created.

No errors.
PACKAGE BODIES
aop_processor.pkb

Package body created.

No errors.
ms_logger.pkb

Package body created.

No errors.
ms_metacode.pkb

Package body created.

No errors.
aop_test.pkb

Package body created.

No errors.
ms_test.pkb
$Id: ms_test.pkb 758 2008-04-29 04:37:49Z Peter $

Package body created.

No errors.
No errors.
TRIGGERS
aop_processor_trg.trg

Warning: Trigger created with compilation errors.

Errors for TRIGGER AOP_PROCESSOR_TRG:

LINE/COL ERROR
-------- -----------------------------------------------------------------
7/5      PL/SQL: Statement ignored
7/5      PLS-00201: identifier 'ADD_LOG' must be declared
MISCELLANEOUS
ms_test.sql
$Id: ms_test.sql 986 2009-03-25 02:28:50Z Demo $
ms_test
register this script  and the test package

PL/SQL procedure successfully completed.


PL/SQL procedure successfully completed.

start test of internal debugging

PL/SQL procedure successfully completed.


PL/SQL procedure successfully completed.

BEGIN ms_test.raise_an_oracle_error; END;

*
ERROR at line 1:
ORA-01403: no data found
ORA-06512: at "LOGGER.MS_TEST", line 628
ORA-06512: at line 1


THERE SHOULD BE AN ERROR [ORA-01403: no data found] ABOVE THIS LINE.

PL/SQL procedure successfully completed.

test max recursion raises error and disables package

PL/SQL procedure successfully completed.

Executing test_exception_propagation

PL/SQL procedure successfully completed.

end test of internal debugging
Setting message level at QUIET - test that exceptions still work
Enabling test_unit_msg_mode

PL/SQL procedure successfully completed.

Executing test_exception_propagation

PL/SQL procedure successfully completed.





1 row selected.

new_process

PL/SQL procedure successfully completed.

START: log_process
START: get_module

PL/SQL procedure successfully completed.

START: create_traversal
START: get_module
START: get_unit
get_unit:
INTERNAL ERROR
* ORA-00001: unique constraint (LOGGER.UNIT_PK) violated
create_traversal:
INTERNAL ERROR
* ORA-06503: PL/SQL: Function returned without value
START: get_module
START: get_unit
.i_unit_id:
.i_msg_mode:1
Elapsed time: 0:0:0
START: get_module
START: get_unit
.i_unit_id:
.i_msg_mode:1
START: get_module
START: get_unit
.i_unit_id:
.i_msg_mode:2
START: get_module
START: get_unit
.i_unit_id:
.i_msg_mode:4
START: do_pass
START: dispose_traversal
!this node was never created
!param pass_count
START: do_pass
START: dispose_traversal
!this node was never created
!param pass_count
START: do_pass
START: dispose_traversal
!this node was never created
!param pass_count
START: do_pass
START: dispose_traversal
!this node was never created
!param pass_count
START: do_pass
START: dispose_traversal
!this node was never created
!param pass_count
START: do_pass
START: dispose_traversal
!this node was never created
!param pass_count
START: do_pass
START: dispose_traversal
!this node was never created
!param pass_count
START: do_pass
START: dispose_traversal
!this node was never created
!param pass_count
START: do_pass
START: dispose_traversal
!this node was never created
!param pass_count
START: do_pass
START: dispose_traversal
!this node was never created
!param pass_count
Elapsed time: 0:0:0

PL/SQL procedure successfully completed.


PL/SQL procedure successfully completed.

Ext Ref is MSTEST.2

no rows selected

Show all

LPAD('+',(LEVEL-1)*2,'+')||MODULE_NAME||'.'||UNIT_NAME||CHR(10)||(SELECTLISTAGG(
--------------------------------------------------------------------------------
ms_test.trap_an_oracle_error

--Test handling on an Oracle Error - esp for the silent version
--ORA-01403: no data found
ORA-06512: at "LOGGER.MS_TEST", line 643

--638
--639     BEGIN
--640
--641       ms_logger.comment(l_node,'Test handling on an Oracle Error - esp for
 the silent version');
--642
--643       RAISE NO_DATA_FOUND;
--644
--645      EXCEPTION
--646        WHEN OTHERS THEN
--647          ms_logger.oracle_error(l_node); --DO NOT RAISE;
--648    END trap_an_oracle_error;

ms_test.raise_an_oracle_error

--Test handling on an Oracle Error - esp for the silent version
--ORA-01403: no data found
ORA-06512: at "LOGGER.MS_TEST", line 624

--619     BEGIN
--620
--621
--622
--623       ms_logger.comment(l_node,'Test handling on an Oracle Error - esp for
 the silent version');
--624       RAISE NO_DATA_FOUND;
--625
--626      EXCEPTION
--627        WHEN OTHERS THEN
--628          ms_logger.oracle_error(l_node); RAISE;
--629    END raise_an_oracle_error;

ms_test.raise_then_trap_oracle_error

--Test handling on an Oracle Error - esp for the silent version
--ORA-01403: no data found
ORA-06512: at "LOGGER.MS_TEST", line 628
ORA-06512: at "LOGGER.MS_TEST", line 664

--623       ms_logger.comment(l_node,'Test handling on an Oracle Error - esp for
 the silent version');
--624       RAISE NO_DATA_FOUND;
--625
--626      EXCEPTION
--627        WHEN OTHERS THEN
--628          ms_logger.oracle_error(l_node); RAISE;
--629    END raise_an_oracle_error;
--630
--631     --------------------------------------------------------------------
--632     --trap_an_oracle_error
--633     --------------------------------------------------------------------

+ ms_test.raise_an_oracle_error

--Test handling on an Oracle Error - esp for the silent version
--ORA-01403: no data found
ORA-06512: at "LOGGER.MS_TEST", line 624

--619     BEGIN
--620
--621
--622
--623       ms_logger.comment(l_node,'Test handling on an Oracle Error - esp for
 the silent version');
--624       RAISE NO_DATA_FOUND;
--625
--626      EXCEPTION
--627        WHEN OTHERS THEN
--628          ms_logger.oracle_error(l_node); RAISE;
--629    END raise_an_oracle_error;

ms_test.test_node
**i_node_count:22
--Call recursively to create another node

+ ms_test.test_node
**i_node_count:21
--Call recursively to create another node

+ + ms_test.test_node
**i_node_count:20
--Call recursively to create another node

+ + + ms_test.test_node
**i_node_count:19
--Call recursively to create another node

+ + + + ms_test.test_node
**i_node_count:18
--Call recursively to create another node

+ + + + + ms_test.test_node
**i_node_count:17
--Call recursively to create another node

+ + + + + + ms_test.test_node
**i_node_count:16
--Call recursively to create another node

+ + + + + + + ms_test.test_node
**i_node_count:15
--Call recursively to create another node

+ + + + + + + + ms_test.test_node
**i_node_count:14
--Call recursively to create another node

+ + + + + + + + + ms_test.test_node
**i_node_count:13
--Call recursively to create another node

+ + + + + + + + + + ms_test.test_node
**i_node_count:12
--Call recursively to create another node

+ + + + + + + + + + + ms_test.test_node
**i_node_count:11
--Call recursively to create another node

+ + + + + + + + + + + + ms_test.test_node
**i_node_count:10
--Call recursively to create another node

+ + + + + + + + + + + + + ms_test.test_node
**i_node_count:9
--Call recursively to create another node

+ + + + + + + + + + + + + + ms_test.test_node
**i_node_count:8
--Call recursively to create another node

+ + + + + + + + + + + + + + + ms_test.test_node
**i_node_count:7
--Call recursively to create another node

+ + + + + + + + + + + + + + + + ms_test.test_node
**i_node_count:6
--Call recursively to create another node

+ + + + + + + + + + + + + + + + + ms_test.test_node
**i_node_count:5
--Call recursively to create another node

+ + + + + + + + + + + + + + + + + + ms_test.test_node
**i_node_count:4
--Call recursively to create another node

+ + + + + + + + + + + + + + + + + + + ms_test.test_node
**i_node_count:3
--Call recursively to create another node
--ms_metacode Internal Error
--log_traversal: exceeded 20 nested procs.


24 rows selected.


Commit complete.


Commit complete.


install.sql - COMPLETED.
