Enter value for logger_password: logger
Connected.

CONNECTION
--------------------------------------------------------------------------------
LOGGER@ORCL

1 row selected.

TABLES
aop_source.tab

Table dropped.


Table created.

SEQUENCES
ms_seqs.seq
$Id: ms_seqs.sql 422 2007-11-17 02:47:50Z Peter $
Creating Sequence 'MS_PROCESS_SEQ'

Sequence dropped.


Sequence created.

Creating Sequence 'MS_MESSAGE_SEQ'

Sequence dropped.


Sequence created.

Creating Sequence 'MS_TRAVERSAL_SEQ'

Sequence dropped.


Sequence created.

Creating Sequence 'MS_MODULE_SEQ'

Sequence dropped.


Sequence created.

Creating Sequence 'MS_UNIT_SEQ'

Sequence dropped.


Sequence created.

PACKAGE SPECS
aop_processor.pks

Trigger altered.


Package created.

No errors.

Trigger altered.

No errors.
ms_feedback.pks

Package created.

No errors.
ms_logger.pks

Package created.

No errors.
aop_test.pks

Package created.

No errors.
ms_test.pks

Package created.

No errors.
No errors.
VIEWS
aop_source_v.vw

View created.

No errors.
PACKAGE BODIES
aop_processor.pkb

Trigger altered.


Package body created.

No errors.

Trigger altered.

No errors.
ms_feedback.pkb

Session altered.

AOP_PROCESSOR_TRG Create AOP_PROCESSOR Job for PACKAGE BODY MS_FEEDBACK

Package body created.

No errors.
ms_logger.pkb

Session altered.


Package body created.

No errors.
aop_test.pkb
AOP_PROCESSOR_TRG Create AOP_PROCESSOR Job for PACKAGE BODY AOP_TEST

Package body created.

No errors.
aop_test_simple_end.pkb
AOP_PROCESSOR_TRG Create AOP_PROCESSOR Job for PACKAGE BODY AOP_TEST

Package body created.

No errors.
ms_test.pkb
$Id: ms_test.pkb 758 2008-04-29 04:37:49Z Peter $

Package body created.

No errors.
No errors.
TRIGGERS
aop_processor_trg.trg

Trigger created.

No errors.
MISCELLANEOUS
aop_processor_trg_disable.sql

Trigger altered.

aop_processor_trg_enable.sql

Trigger altered.

aop_test.sql
aop_test.sql
